# JRE version: Java(TM) SE Runtime Environment (8.0_271-b09) (build 1.8.0_271-b09)
# Java VM: Java HotSpot(TM) 64-Bit Server VM (25.271-b09 mixed mode windows-amd64 compressed oops)
Heap:
 PSYoungGen      total 48640K, used 15399K [0x00000000d5800000, 0x00000000da100000, 0x0000000100000000)
  eden space 43520K, 23% used [0x00000000d5800000,0x00000000d620d028,0x00000000d8280000)
  from space 5120K, 99% used [0x00000000d8280000,0x00000000d877cd98,0x00000000d8780000)
  to   space 11776K, 0% used [0x00000000d9580000,0x00000000d9580000,0x00000000da100000)
 ParOldGen       total 64000K, used 19424K [0x0000000080800000, 0x0000000084680000, 0x00000000d5800000)
  object space 64000K, 30% used [0x0000000080800000,0x0000000081af83b8,0x0000000084680000)
 Metaspace       used 25586K, capacity 26916K, committed 27008K, reserved 1073152K
  class space    used 3412K, capacity 3676K, committed 3712K, reserved 1048576K
GC Heap History (10 events):
Event: 1.602 GC heap before
{Heap before GC invocations=2 (full 0):
 PSYoungGen      total 38400K, used 18560K [0x00000000d5800000, 0x00000000d8280000, 0x0000000100000000)
  eden space 33280K, 42% used [0x00000000d5800000,0x00000000d65d01f0,0x00000000d7880000)
  from space 5120K, 86% used [0x00000000d7880000,0x00000000d7cd0020,0x00000000d7d80000)
  to   space 5120K, 0% used [0x00000000d7d80000,0x00000000d7d80000,0x00000000d8280000)
 ParOldGen       total 87552K, used 16K [0x0000000080800000, 0x0000000085d80000, 0x00000000d5800000)
  object space 87552K, 0% used [0x0000000080800000,0x0000000080804000,0x0000000085d80000)
 Metaspace       used 20155K, capacity 21224K, committed 21296K, reserved 1067008K
  class space    used 2948K, capacity 3161K, committed 3200K, reserved 1048576K
Event: 1.608 GC heap after
Heap after GC invocations=2 (full 0):
 PSYoungGen      total 38400K, used 5104K [0x00000000d5800000, 0x00000000d8280000, 0x0000000100000000)
  eden space 33280K, 0% used [0x00000000d5800000,0x00000000d5800000,0x00000000d7880000)
  from space 5120K, 99% used [0x00000000d7d80000,0x00000000d827c030,0x00000000d8280000)
  to   space 5120K, 0% used [0x00000000d7880000,0x00000000d7880000,0x00000000d7d80000)
 ParOldGen       total 87552K, used 2071K [0x0000000080800000, 0x0000000085d80000, 0x00000000d5800000)
  object space 87552K, 2% used [0x0000000080800000,0x0000000080a05fb0,0x0000000085d80000)
 Metaspace       used 20155K, capacity 21224K, committed 21296K, reserved 1067008K
  class space    used 2948K, capacity 3161K, committed 3200K, reserved 1048576K
}
Event: 1.608 GC heap before
{Heap before GC invocations=3 (full 1):
 PSYoungGen      total 38400K, used 5104K [0x00000000d5800000, 0x00000000d8280000, 0x0000000100000000)
  eden space 33280K, 0% used [0x00000000d5800000,0x00000000d5800000,0x00000000d7880000)
  from space 5120K, 99% used [0x00000000d7d80000,0x00000000d827c030,0x00000000d8280000)
  to   space 5120K, 0% used [0x00000000d7880000,0x00000000d7880000,0x00000000d7d80000)
 ParOldGen       total 87552K, used 2071K [0x0000000080800000, 0x0000000085d80000, 0x00000000d5800000)
  object space 87552K, 2% used [0x0000000080800000,0x0000000080a05fb0,0x0000000085d80000)
 Metaspace       used 20155K, capacity 21224K, committed 21296K, reserved 1067008K
  class space    used 2948K, capacity 3161K, committed 3200K, reserved 1048576K
Event: 1.632 GC heap after
Heap after GC invocations=3 (full 1):
 PSYoungGen      total 38400K, used 0K [0x00000000d5800000, 0x00000000d8280000, 0x0000000100000000)
  eden space 33280K, 0% used [0x00000000d5800000,0x00000000d5800000,0x00000000d7880000)
  from space 5120K, 0% used [0x00000000d7d80000,0x00000000d7d80000,0x00000000d8280000)
  to   space 5120K, 0% used [0x00000000d7880000,0x00000000d7880000,0x00000000d7d80000)
 ParOldGen       total 64000K, used 7073K [0x0000000080800000, 0x0000000084680000, 0x00000000d5800000)
  object space 64000K, 11% used [0x0000000080800000,0x0000000080ee8668,0x0000000084680000)
 Metaspace       used 20155K, capacity 21224K, committed 21296K, reserved 1067008K
  class space    used 2948K, capacity 3161K, committed 3200K, reserved 1048576K
}
Event: 6.952 GC heap before
{Heap before GC invocations=4 (full 1):
 PSYoungGen      total 38400K, used 33280K [0x00000000d5800000, 0x00000000d8280000, 0x0000000100000000)
  eden space 33280K, 100% used [0x00000000d5800000,0x00000000d7880000,0x00000000d7880000)
  from space 5120K, 0% used [0x00000000d7d80000,0x00000000d7d80000,0x00000000d8280000)
  to   space 5120K, 0% used [0x00000000d7880000,0x00000000d7880000,0x00000000d7d80000)
 ParOldGen       total 64000K, used 7073K [0x0000000080800000, 0x0000000084680000, 0x00000000d5800000)
  object space 64000K, 11% used [0x0000000080800000,0x0000000080ee8668,0x0000000084680000)
 Metaspace       used 24376K, capacity 25730K, committed 25984K, reserved 1071104K
  class space    used 3388K, capacity 3671K, committed 3712K, reserved 1048576K
Event: 6.959 GC heap after
Heap after GC invocations=4 (full 1):
 PSYoungGen      total 38400K, used 5095K [0x00000000d5800000, 0x00000000d8c80000, 0x0000000100000000)
  eden space 33280K, 0% used [0x00000000d5800000,0x00000000d5800000,0x00000000d7880000)
  from space 5120K, 99% used [0x00000000d7880000,0x00000000d7d79ef8,0x00000000d7d80000)
  to   space 5120K, 0% used [0x00000000d8780000,0x00000000d8780000,0x00000000d8c80000)
 ParOldGen       total 64000K, used 12160K [0x0000000080800000, 0x0000000084680000, 0x00000000d5800000)
  object space 64000K, 19% used [0x0000000080800000,0x00000000813e0350,0x0000000084680000)
 Metaspace       used 24376K, capacity 25730K, committed 25984K, reserved 1071104K
  class space    used 3388K, capacity 3671K, committed 3712K, reserved 1048576K
}
Event: 19.067 GC heap before
{Heap before GC invocations=5 (full 1):
 PSYoungGen      total 38400K, used 38375K [0x00000000d5800000, 0x00000000d8c80000, 0x0000000100000000)
  eden space 33280K, 100% used [0x00000000d5800000,0x00000000d7880000,0x00000000d7880000)
  from space 5120K, 99% used [0x00000000d7880000,0x00000000d7d79ef8,0x00000000d7d80000)
  to   space 5120K, 0% used [0x00000000d8780000,0x00000000d8780000,0x00000000d8c80000)
 ParOldGen       total 64000K, used 12160K [0x0000000080800000, 0x0000000084680000, 0x00000000d5800000)
  object space 64000K, 19% used [0x0000000080800000,0x00000000813e0350,0x0000000084680000)
 Metaspace       used 24983K, capacity 26332K, committed 26496K, reserved 1073152K
  class space    used 3391K, capacity 3674K, committed 3712K, reserved 1048576K
Event: 19.074 GC heap after
Heap after GC invocations=5 (full 1):
 PSYoungGen      total 47104K, used 5089K [0x00000000d5800000, 0x00000000d8c80000, 0x0000000100000000)
  eden space 41984K, 0% used [0x00000000d5800000,0x00000000d5800000,0x00000000d8100000)
  from space 5120K, 99% used [0x00000000d8780000,0x00000000d8c784f0,0x00000000d8c80000)
  to   space 5120K, 0% used [0x00000000d8280000,0x00000000d8280000,0x00000000d8780000)
 ParOldGen       total 64000K, used 15290K [0x0000000080800000, 0x0000000084680000, 0x00000000d5800000)
  object space 64000K, 23% used [0x0000000080800000,0x00000000816eeb80,0x0000000084680000)
 Metaspace       used 24983K, capacity 26332K, committed 26496K, reserved 1073152K
  class space    used 3391K, capacity 3674K, committed 3712K, reserved 1048576K
}
Event: 33.919 GC heap before
{Heap before GC invocations=6 (full 1):
 PSYoungGen      total 47104K, used 47073K [0x00000000d5800000, 0x00000000d8c80000, 0x0000000100000000)
  eden space 41984K, 100% used [0x00000000d5800000,0x00000000d8100000,0x00000000d8100000)
  from space 5120K, 99% used [0x00000000d8780000,0x00000000d8c784f0,0x00000000d8c80000)
  to   space 5120K, 0% used [0x00000000d8280000,0x00000000d8280000,0x00000000d8780000)
 ParOldGen       total 64000K, used 15290K [0x0000000080800000, 0x0000000084680000, 0x00000000d5800000)
  object space 64000K, 23% used [0x0000000080800000,0x00000000816eeb80,0x0000000084680000)
 Metaspace       used 25514K, capacity 26852K, committed 27008K, reserved 1073152K
  class space    used 3412K, capacity 3676K, committed 3712K, reserved 1048576K
Event: 33.931 GC heap after
Heap after GC invocations=6 (full 1):
 PSYoungGen      total 48640K, used 5107K [0x00000000d5800000, 0x00000000da100000, 0x0000000100000000)
  eden space 43520K, 0% used [0x00000000d5800000,0x00000000d5800000,0x00000000d8280000)
  from space 5120K, 99% used [0x00000000d8280000,0x00000000d877cd98,0x00000000d8780000)
  to   space 11776K, 0% used [0x00000000d9580000,0x00000000d9580000,0x00000000da100000)
 ParOldGen       total 64000K, used 19424K [0x0000000080800000, 0x0000000084680000, 0x00000000d5800000)
  object space 64000K, 30% used [0x0000000080800000,0x0000000081af83b8,0x0000000084680000)
 Metaspace       used 25514K, capacity 26852K, committed 27008K, reserved 1073152K
  class space    used 3412K, capacity 3676K, committed 3712K, reserved 1048576K
}

